/home/kap/Escritorio/lab_perc_rob/install/percp_robotica/lib/python3.10/site-packages/percp_robotica/__init__.py
/home/kap/Escritorio/lab_perc_rob/install/percp_robotica/lib/python3.10/site-packages/percp_robotica/captura_video.py
/home/kap/Escritorio/lab_perc_rob/install/percp_robotica/lib/python3.10/site-packages/percp_robotica/subscriber.py
/home/kap/Escritorio/lab_perc_rob/install/percp_robotica/lib/python3.10/site-packages/percp_robotica/ajuste_contraste.py
/home/kap/Escritorio/lab_perc_rob/install/percp_robotica/lib/python3.10/site-packages/percp_robotica/cam_pub.py
/home/kap/Escritorio/lab_perc_rob/install/percp_robotica/lib/python3.10/site-packages/percp_robotica/__pycache__/__init__.cpython-310.pyc
/home/kap/Escritorio/lab_perc_rob/install/percp_robotica/lib/python3.10/site-packages/percp_robotica/__pycache__/captura_video.cpython-310.pyc
/home/kap/Escritorio/lab_perc_rob/install/percp_robotica/lib/python3.10/site-packages/percp_robotica/__pycache__/subscriber.cpython-310.pyc
/home/kap/Escritorio/lab_perc_rob/install/percp_robotica/lib/python3.10/site-packages/percp_robotica/__pycache__/ajuste_contraste.cpython-310.pyc
/home/kap/Escritorio/lab_perc_rob/install/percp_robotica/lib/python3.10/site-packages/percp_robotica/__pycache__/cam_pub.cpython-310.pyc
/home/kap/Escritorio/lab_perc_rob/install/percp_robotica/share/ament_index/resource_index/packages/percp_robotica
/home/kap/Escritorio/lab_perc_rob/install/percp_robotica/share/percp_robotica/package.xml
/home/kap/Escritorio/lab_perc_rob/install/percp_robotica/lib/python3.10/site-packages/percp_robotica-0.0.0-py3.10.egg-info/dependency_links.txt
/home/kap/Escritorio/lab_perc_rob/install/percp_robotica/lib/python3.10/site-packages/percp_robotica-0.0.0-py3.10.egg-info/requires.txt
/home/kap/Escritorio/lab_perc_rob/install/percp_robotica/lib/python3.10/site-packages/percp_robotica-0.0.0-py3.10.egg-info/PKG-INFO
/home/kap/Escritorio/lab_perc_rob/install/percp_robotica/lib/python3.10/site-packages/percp_robotica-0.0.0-py3.10.egg-info/entry_points.txt
/home/kap/Escritorio/lab_perc_rob/install/percp_robotica/lib/python3.10/site-packages/percp_robotica-0.0.0-py3.10.egg-info/zip-safe
/home/kap/Escritorio/lab_perc_rob/install/percp_robotica/lib/python3.10/site-packages/percp_robotica-0.0.0-py3.10.egg-info/top_level.txt
/home/kap/Escritorio/lab_perc_rob/install/percp_robotica/lib/python3.10/site-packages/percp_robotica-0.0.0-py3.10.egg-info/SOURCES.txt
/home/kap/Escritorio/lab_perc_rob/install/percp_robotica/lib/percp_robotica/nodo_ajuste_contraste
/home/kap/Escritorio/lab_perc_rob/install/percp_robotica/lib/percp_robotica/nodo_cam_pub
/home/kap/Escritorio/lab_perc_rob/install/percp_robotica/lib/percp_robotica/nodo_captura_video
/home/kap/Escritorio/lab_perc_rob/install/percp_robotica/lib/percp_robotica/nodo_percp_epp
